2025-11-28 20:53:00 | DEBUG | repo=auction | action=edit | files=3
2025-03-03 13:15:00 | WARN | repo=auction | action=test | passed=true
2025-05-07 07:51:00 | INFO | repo=auction | action=commit
2025-10-15 11:08:00 | DEBUG | repo=auction | action=commit
2025-10-17 18:09:00 | DEBUG | repo=auction | action=commit
2025-05-08 16:04:00 | WARN | repo=auction | action=commit
2025-09-17 11:10:00 | DEBUG | repo=auction | action=commit
2025-08-18 12:05:00 | INFO | repo=auction | action=commit
2025-07-04 14:40:00 | DEBUG | repo=auction | action=commit
2025-05-22 12:19:00 | WARN | repo=auction | action=commit
2025-06-28 21:40:00 | WARN | repo=auction | action=test | passed=true
2025-05-21 13:06:00 | INFO | repo=auction | action=commit
2025-10-20 13:45:00 | DEBUG | repo=auction | action=commit
2025-01-01 09:30:00 | INFO | repo=auction | action=test | passed=true
2025-10-09 07:30:00 | INFO | repo=auction | action=commit
2025-12-22 10:36:00 | INFO | repo=auction | action=commit
2025-05-20 19:24:00 | DEBUG | repo=auction | action=commit
2025-02-01 16:59:00 | DEBUG | repo=auction | action=commit
2025-02-05 18:41:00 | INFO | repo=auction | action=test | passed=true
2025-06-01 20:44:00 | DEBUG | repo=auction | action=edit | files=1
2025-06-04 19:39:00 | DEBUG | repo=auction | action=test | passed=true
2025-04-11 07:13:00 | WARN | repo=auction | action=commit
2025-02-09 19:42:00 | WARN | repo=auction | action=commit
2025-04-17 12:50:00 | WARN | repo=auction | action=edit | files=2
2025-04-02 12:55:00 | DEBUG | repo=auction | action=commit
2025-04-17 11:34:00 | INFO | repo=auction | action=edit | files=1
2025-08-12 17:15:00 | INFO | repo=auction | action=test | passed=true
2025-01-27 08:33:00 | INFO | repo=auction | action=commit
2025-03-07 08:56:00 | DEBUG | repo=auction | action=edit | files=5
2025-12-26 13:54:00 | WARN | repo=auction | action=commit
2025-12-14 13:09:00 | WARN | repo=auction | action=commit
2025-11-02 10:34:00 | DEBUG | repo=auction | action=commit
2025-09-23 17:52:00 | WARN | repo=auction | action=commit
2025-04-02 17:28:00 | WARN | repo=auction | action=test | passed=true
2025-05-21 21:35:00 | WARN | repo=auction | action=commit
2025-09-19 08:32:00 | INFO | repo=auction | action=commit
2025-10-09 07:34:00 | DEBUG | repo=auction | action=commit
2025-06-03 07:25:00 | WARN | repo=auction | action=pull
2025-09-22 07:03:00 | DEBUG | repo=auction | action=commit
2025-12-24 10:09:00 | INFO | repo=auction | action=commit
2025-03-20 14:05:00 | WARN | repo=auction | action=edit | files=4
2025-05-07 11:31:00 | DEBUG | repo=auction | action=commit
2025-09-13 12:17:00 | WARN | repo=auction | action=commit
2025-06-22 07:09:00 | WARN | repo=auction | action=edit | files=2
2025-05-14 20:08:00 | INFO | repo=auction | action=pull
2025-09-17 18:02:00 | WARN | repo=auction | action=commit
2025-09-23 18:51:00 | INFO | repo=auction | action=edit | files=5
2025-07-17 07:24:00 | WARN | repo=auction | action=commit
2025-04-19 07:46:00 | DEBUG | repo=auction | action=commit
2025-05-24 17:30:00 | WARN | repo=auction | action=commit
2025-12-16 09:14:00 | WARN | repo=auction | action=commit
2025-10-25 13:00:00 | DEBUG | repo=auction | action=commit
2025-07-13 21:04:00 | DEBUG | repo=auction | action=pull
2025-12-18 07:26:00 | WARN | repo=auction | action=edit | files=4
2025-01-05 16:20:00 | DEBUG | repo=auction | action=commit
2025-03-17 12:02:00 | DEBUG | repo=auction | action=test | passed=true
2025-08-04 20:31:00 | WARN | repo=auction | action=commit
2025-11-11 14:42:00 | INFO | repo=auction | action=commit
2025-04-17 16:41:00 | DEBUG | repo=auction | action=commit
2025-12-08 07:42:00 | WARN | repo=auction | action=edit | files=5
2025-06-08 17:54:00 | WARN | repo=auction | action=commit
2025-06-17 10:38:00 | DEBUG | repo=auction | action=pull
2025-11-26 12:40:00 | INFO | repo=auction | action=test | passed=true
2025-04-03 21:49:00 | INFO | repo=auction | action=commit
2025-05-04 10:34:00 | WARN | repo=auction | action=commit
2025-12-08 11:07:00 | INFO | repo=auction | action=test | passed=true
2025-03-01 12:25:00 | INFO | repo=auction | action=edit | files=2
2025-04-08 16:48:00 | INFO | repo=auction | action=commit
2025-01-04 15:04:00 | INFO | repo=auction | action=pull
2025-08-15 14:39:00 | WARN | repo=auction | action=pull
2025-02-02 16:45:00 | INFO | repo=auction | action=commit
2025-05-19 10:42:00 | DEBUG | repo=auction | action=pull
2025-05-14 07:02:00 | INFO | repo=auction | action=pull
2025-10-07 18:12:00 | INFO | repo=auction | action=commit
2025-02-07 19:09:00 | INFO | repo=auction | action=commit
2025-02-21 17:39:00 | DEBUG | repo=auction | action=pull
2025-03-15 15:19:00 | DEBUG | repo=auction | action=edit | files=2
2025-11-20 07:58:00 | DEBUG | repo=auction | action=commit
2025-04-16 14:50:00 | DEBUG | repo=auction | action=test | passed=true
2025-11-15 10:00:00 | DEBUG | repo=auction | action=edit | files=4
2025-09-17 17:48:00 | INFO | repo=auction | action=test | passed=true
2025-06-06 12:06:00 | WARN | repo=auction | action=test | passed=true
2025-12-20 08:35:00 | WARN | repo=auction | action=commit
2025-08-03 11:14:00 | DEBUG | repo=auction | action=commit
2025-01-14 20:19:00 | DEBUG | repo=auction | action=edit | files=4
2025-03-18 13:16:00 | DEBUG | repo=auction | action=commit
2025-01-09 09:13:00 | DEBUG | repo=auction | action=commit
2025-06-12 08:42:00 | DEBUG | repo=auction | action=commit
2025-09-03 11:52:00 | WARN | repo=auction | action=edit | files=1
2025-11-10 07:48:00 | DEBUG | repo=auction | action=test | passed=true
2025-03-15 10:19:00 | WARN | repo=auction | action=test | passed=true
2025-02-08 11:10:00 | WARN | repo=auction | action=test | passed=true
2025-05-26 09:21:00 | DEBUG | repo=auction | action=commit
2025-10-01 15:32:00 | DEBUG | repo=auction | action=commit
2025-12-19 16:36:00 | INFO | repo=auction | action=edit | files=2
2025-12-04 07:54:00 | INFO | repo=auction | action=commit
2025-01-25 19:23:00 | INFO | repo=auction | action=commit
2025-03-07 13:57:00 | DEBUG | repo=auction | action=test | passed=true
2025-09-07 07:48:00 | INFO | repo=auction | action=test | passed=true
2025-07-11 14:09:00 | DEBUG | repo=auction | action=commit
2025-12-24 19:57:00 | INFO | repo=auction | action=commit
2025-04-05 13:46:00 | DEBUG | repo=auction | action=commit
2025-06-16 14:35:00 | DEBUG | repo=auction | action=commit
2025-12-21 08:41:00 | WARN | repo=auction | action=test | passed=true
2025-08-15 12:04:00 | WARN | repo=auction | action=pull
2025-06-12 19:34:00 | WARN | repo=auction | action=commit
2025-01-08 09:17:00 | INFO | repo=auction | action=edit | files=4
2025-08-20 20:14:00 | INFO | repo=auction | action=commit
2025-11-14 12:55:00 | INFO | repo=auction | action=commit
2025-02-10 21:05:00 | INFO | repo=auction | action=pull
2025-01-19 12:26:00 | WARN | repo=auction | action=pull
2025-01-15 21:23:00 | WARN | repo=auction | action=commit
2025-03-12 21:37:00 | DEBUG | repo=auction | action=commit
2025-03-15 12:16:00 | DEBUG | repo=auction | action=commit
2025-09-22 07:41:00 | INFO | repo=auction | action=commit
2025-07-10 07:10:00 | WARN | repo=auction | action=commit
2025-02-03 13:12:00 | DEBUG | repo=auction | action=commit
2025-07-17 20:20:00 | DEBUG | repo=auction | action=pull
2025-01-25 21:39:00 | INFO | repo=auction | action=edit | files=3
2025-10-15 10:54:00 | DEBUG | repo=auction | action=commit
2025-10-05 11:09:00 | WARN | repo=auction | action=commit
2025-02-26 18:01:00 | DEBUG | repo=auction | action=commit
2025-05-23 21:14:00 | WARN | repo=auction | action=commit
2025-09-26 18:08:00 | DEBUG | repo=auction | action=commit
2025-09-02 18:11:00 | WARN | repo=auction | action=commit
2025-07-11 19:00:00 | WARN | repo=auction | action=commit
2025-08-26 11:55:00 | WARN | repo=auction | action=test | passed=true
2025-07-15 19:27:00 | DEBUG | repo=auction | action=commit
2025-04-17 07:09:00 | DEBUG | repo=auction | action=test | passed=true
2025-11-15 18:06:00 | INFO | repo=auction | action=commit
2025-09-13 20:28:00 | DEBUG | repo=auction | action=pull
2025-01-13 11:20:00 | WARN | repo=auction | action=commit
2025-10-25 20:41:00 | WARN | repo=auction | action=commit
2025-08-07 21:55:00 | INFO | repo=auction | action=commit
2025-03-28 18:55:00 | DEBUG | repo=auction | action=pull
2025-02-03 09:49:00 | DEBUG | repo=auction | action=commit
2025-03-11 20:25:00 | INFO | repo=auction | action=commit
2025-06-28 20:52:00 | DEBUG | repo=auction | action=commit
2025-10-20 16:39:00 | WARN | repo=auction | action=commit
2025-06-14 17:48:00 | WARN | repo=auction | action=pull
2025-02-15 14:50:00 | DEBUG | repo=auction | action=commit
2025-07-03 19:33:00 | INFO | repo=auction | action=commit
